  Bubble.cpp
C:\Users\marti.DESKTOP-HBVCDFL\OneDrive\Escritorio\Coses Uni\VJ\pang-game\Pang\src\Pang\02-Bubble\Bubble.cpp(53,73): warning C4244: 'argumento': conversión de 'int' a 'float'; posible pérdida de datos
C:\Users\marti.DESKTOP-HBVCDFL\OneDrive\Escritorio\Coses Uni\VJ\pang-game\Pang\src\Pang\02-Bubble\Bubble.cpp(53,55): warning C4244: 'argumento': conversión de 'int' a 'float'; posible pérdida de datos
C:\Users\marti.DESKTOP-HBVCDFL\OneDrive\Escritorio\Coses Uni\VJ\pang-game\Pang\src\Pang\02-Bubble\Bubble.cpp(82,19): warning C4244: '+=': conversión de 'float' a 'T'; posible pérdida de datos
C:\Users\marti.DESKTOP-HBVCDFL\OneDrive\Escritorio\Coses Uni\VJ\pang-game\Pang\src\Pang\02-Bubble\Bubble.cpp(82,19): warning C4244:         with
C:\Users\marti.DESKTOP-HBVCDFL\OneDrive\Escritorio\Coses Uni\VJ\pang-game\Pang\src\Pang\02-Bubble\Bubble.cpp(82,19): warning C4244:         [
C:\Users\marti.DESKTOP-HBVCDFL\OneDrive\Escritorio\Coses Uni\VJ\pang-game\Pang\src\Pang\02-Bubble\Bubble.cpp(82,19): warning C4244:             T=int
C:\Users\marti.DESKTOP-HBVCDFL\OneDrive\Escritorio\Coses Uni\VJ\pang-game\Pang\src\Pang\02-Bubble\Bubble.cpp(82,19): warning C4244:         ]
C:\Users\marti.DESKTOP-HBVCDFL\OneDrive\Escritorio\Coses Uni\VJ\pang-game\Pang\src\Pang\02-Bubble\Bubble.cpp(106,73): warning C4244: 'argumento': conversión de 'int' a 'float'; posible pérdida de datos
C:\Users\marti.DESKTOP-HBVCDFL\OneDrive\Escritorio\Coses Uni\VJ\pang-game\Pang\src\Pang\02-Bubble\Bubble.cpp(106,55): warning C4244: 'argumento': conversión de 'int' a 'float'; posible pérdida de datos
C:\Users\marti.DESKTOP-HBVCDFL\OneDrive\Escritorio\Coses Uni\VJ\pang-game\Pang\src\Pang\02-Bubble\Bubble.cpp(135,19): warning C4244: '+=': conversión de 'float' a 'T'; posible pérdida de datos
C:\Users\marti.DESKTOP-HBVCDFL\OneDrive\Escritorio\Coses Uni\VJ\pang-game\Pang\src\Pang\02-Bubble\Bubble.cpp(135,19): warning C4244:         with
C:\Users\marti.DESKTOP-HBVCDFL\OneDrive\Escritorio\Coses Uni\VJ\pang-game\Pang\src\Pang\02-Bubble\Bubble.cpp(135,19): warning C4244:         [
C:\Users\marti.DESKTOP-HBVCDFL\OneDrive\Escritorio\Coses Uni\VJ\pang-game\Pang\src\Pang\02-Bubble\Bubble.cpp(135,19): warning C4244:             T=int
C:\Users\marti.DESKTOP-HBVCDFL\OneDrive\Escritorio\Coses Uni\VJ\pang-game\Pang\src\Pang\02-Bubble\Bubble.cpp(135,19): warning C4244:         ]
C:\Users\marti.DESKTOP-HBVCDFL\OneDrive\Escritorio\Coses Uni\VJ\pang-game\Pang\src\Pang\02-Bubble\Bubble.cpp(161,73): warning C4244: 'argumento': conversión de 'int' a 'float'; posible pérdida de datos
C:\Users\marti.DESKTOP-HBVCDFL\OneDrive\Escritorio\Coses Uni\VJ\pang-game\Pang\src\Pang\02-Bubble\Bubble.cpp(161,55): warning C4244: 'argumento': conversión de 'int' a 'float'; posible pérdida de datos
C:\Users\marti.DESKTOP-HBVCDFL\OneDrive\Escritorio\Coses Uni\VJ\pang-game\Pang\src\Pang\02-Bubble\Bubble.cpp(190,19): warning C4244: '+=': conversión de 'float' a 'T'; posible pérdida de datos
C:\Users\marti.DESKTOP-HBVCDFL\OneDrive\Escritorio\Coses Uni\VJ\pang-game\Pang\src\Pang\02-Bubble\Bubble.cpp(190,19): warning C4244:         with
C:\Users\marti.DESKTOP-HBVCDFL\OneDrive\Escritorio\Coses Uni\VJ\pang-game\Pang\src\Pang\02-Bubble\Bubble.cpp(190,19): warning C4244:         [
C:\Users\marti.DESKTOP-HBVCDFL\OneDrive\Escritorio\Coses Uni\VJ\pang-game\Pang\src\Pang\02-Bubble\Bubble.cpp(190,19): warning C4244:             T=int
C:\Users\marti.DESKTOP-HBVCDFL\OneDrive\Escritorio\Coses Uni\VJ\pang-game\Pang\src\Pang\02-Bubble\Bubble.cpp(190,19): warning C4244:         ]
C:\Users\marti.DESKTOP-HBVCDFL\OneDrive\Escritorio\Coses Uni\VJ\pang-game\Pang\src\Pang\02-Bubble\Bubble.cpp(215,73): warning C4244: 'argumento': conversión de 'int' a 'float'; posible pérdida de datos
C:\Users\marti.DESKTOP-HBVCDFL\OneDrive\Escritorio\Coses Uni\VJ\pang-game\Pang\src\Pang\02-Bubble\Bubble.cpp(215,55): warning C4244: 'argumento': conversión de 'int' a 'float'; posible pérdida de datos
C:\Users\marti.DESKTOP-HBVCDFL\OneDrive\Escritorio\Coses Uni\VJ\pang-game\Pang\src\Pang\02-Bubble\Bubble.cpp(243,19): warning C4244: '+=': conversión de 'float' a 'T'; posible pérdida de datos
C:\Users\marti.DESKTOP-HBVCDFL\OneDrive\Escritorio\Coses Uni\VJ\pang-game\Pang\src\Pang\02-Bubble\Bubble.cpp(243,19): warning C4244:         with
C:\Users\marti.DESKTOP-HBVCDFL\OneDrive\Escritorio\Coses Uni\VJ\pang-game\Pang\src\Pang\02-Bubble\Bubble.cpp(243,19): warning C4244:         [
C:\Users\marti.DESKTOP-HBVCDFL\OneDrive\Escritorio\Coses Uni\VJ\pang-game\Pang\src\Pang\02-Bubble\Bubble.cpp(243,19): warning C4244:             T=int
C:\Users\marti.DESKTOP-HBVCDFL\OneDrive\Escritorio\Coses Uni\VJ\pang-game\Pang\src\Pang\02-Bubble\Bubble.cpp(243,19): warning C4244:         ]
C:\Users\marti.DESKTOP-HBVCDFL\OneDrive\Escritorio\Coses Uni\VJ\pang-game\Pang\src\Pang\02-Bubble\Bubble.cpp(326,16): warning C4244: 'inicializando': conversión de 'int' a 'float'; posible pérdida de datos
C:\Users\marti.DESKTOP-HBVCDFL\OneDrive\Escritorio\Coses Uni\VJ\pang-game\Pang\src\Pang\02-Bubble\Bubble.cpp(328,16): warning C4244: 'inicializando': conversión de 'int' a 'float'; posible pérdida de datos
C:\Users\marti.DESKTOP-HBVCDFL\OneDrive\Escritorio\Coses Uni\VJ\pang-game\Pang\src\Pang\02-Bubble\Bubble.cpp(363,15): warning C4244: 'inicializando': conversión de 'int' a 'float'; posible pérdida de datos
C:\Users\marti.DESKTOP-HBVCDFL\OneDrive\Escritorio\Coses Uni\VJ\pang-game\Pang\src\Pang\02-Bubble\Bubble.cpp(364,15): warning C4244: 'inicializando': conversión de 'int' a 'float'; posible pérdida de datos
C:\Users\marti.DESKTOP-HBVCDFL\OneDrive\Escritorio\Coses Uni\VJ\pang-game\Pang\src\Pang\02-Bubble\Bubble.cpp(367,68): warning C4244: '=': conversión de 'int' a 'float'; posible pérdida de datos
C:\Users\marti.DESKTOP-HBVCDFL\OneDrive\Escritorio\Coses Uni\VJ\pang-game\Pang\src\Pang\02-Bubble\Bubble.cpp(368,93): warning C4244: '=': conversión de 'int' a 'float'; posible pérdida de datos
C:\Users\marti.DESKTOP-HBVCDFL\OneDrive\Escritorio\Coses Uni\VJ\pang-game\Pang\src\Pang\02-Bubble\Bubble.cpp(369,68): warning C4244: '=': conversión de 'int' a 'float'; posible pérdida de datos
C:\Users\marti.DESKTOP-HBVCDFL\OneDrive\Escritorio\Coses Uni\VJ\pang-game\Pang\src\Pang\02-Bubble\Bubble.cpp(370,95): warning C4244: '=': conversión de 'int' a 'float'; posible pérdida de datos
  Scene.cpp
C:\Users\marti.DESKTOP-HBVCDFL\OneDrive\Escritorio\Coses Uni\VJ\pang-game\Pang\src\Pang\02-Bubble\Scene.cpp(186,22): warning C4018: '<': no coinciden signed/unsigned
C:\Users\marti.DESKTOP-HBVCDFL\OneDrive\Escritorio\Coses Uni\VJ\pang-game\Pang\src\Pang\02-Bubble\Scene.cpp(216,22): warning C4018: '<': no coinciden signed/unsigned
C:\Users\marti.DESKTOP-HBVCDFL\OneDrive\Escritorio\Coses Uni\VJ\pang-game\Pang\src\Pang\02-Bubble\Scene.cpp(245,23): warning C4018: '<': no coinciden signed/unsigned
C:\Users\marti.DESKTOP-HBVCDFL\OneDrive\Escritorio\Coses Uni\VJ\pang-game\Pang\src\Pang\02-Bubble\Scene.cpp(253,21): warning C4018: '<': no coinciden signed/unsigned
C:\Users\marti.DESKTOP-HBVCDFL\OneDrive\Escritorio\Coses Uni\VJ\pang-game\Pang\src\Pang\02-Bubble\Scene.cpp(323,21): warning C4018: '<': no coinciden signed/unsigned
C:\Users\marti.DESKTOP-HBVCDFL\OneDrive\Escritorio\Coses Uni\VJ\pang-game\Pang\src\Pang\02-Bubble\Scene.cpp(370,21): warning C4018: '<': no coinciden signed/unsigned
C:\Users\marti.DESKTOP-HBVCDFL\OneDrive\Escritorio\Coses Uni\VJ\pang-game\Pang\src\Pang\02-Bubble\Scene.cpp(374,21): warning C4018: '<': no coinciden signed/unsigned
C:\Users\marti.DESKTOP-HBVCDFL\OneDrive\Escritorio\Coses Uni\VJ\pang-game\Pang\src\Pang\02-Bubble\Scene.cpp(437,20): warning C4018: '<': no coinciden signed/unsigned
C:\Users\marti.DESKTOP-HBVCDFL\OneDrive\Escritorio\Coses Uni\VJ\pang-game\Pang\src\Pang\02-Bubble\Scene.cpp(460,20): warning C4018: '<': no coinciden signed/unsigned
C:\Users\marti.DESKTOP-HBVCDFL\OneDrive\Escritorio\Coses Uni\VJ\pang-game\Pang\src\Pang\02-Bubble\Scene.cpp(474,21): warning C4018: '<': no coinciden signed/unsigned
SOIL.lib(SOIL.obj) : warning LNK4075: se omite '/EDITANDCONTINUE' debido a la especificación '/OPT:ICF'
LINK : warning LNK4098: la biblioteca predeterminada'MSVCRTD' entra en conflicto con otras bibliotecas; use la biblioteca /NODEFAULTLIB:biblioteca
  Generando código
  1 of 865 functions ( 0.1%) were compiled, the rest were copied from previous compilation.
    0 functions were new in current compilation
    9 functions had inline decision re-evaluated but remain unchanged
  Generación de código finalizada
SOIL.lib(image_DXT.obj) : warning LNK4099: no se encontró PDB '' con 'SOIL.lib(image_DXT.obj)' o en ''; se vinculará el objeto sin tener en cuenta información de depuración
SOIL.lib(image_helper.obj) : warning LNK4099: no se encontró PDB '' con 'SOIL.lib(image_helper.obj)' o en ''; se vinculará el objeto sin tener en cuenta información de depuración
SOIL.lib(SOIL.obj) : warning LNK4099: no se encontró PDB '' con 'SOIL.lib(SOIL.obj)' o en ''; se vinculará el objeto sin tener en cuenta información de depuración
SOIL.lib(stb_image_aug.obj) : warning LNK4099: no se encontró PDB '' con 'SOIL.lib(stb_image_aug.obj)' o en ''; se vinculará el objeto sin tener en cuenta información de depuración
  02-Bubble.vcxproj -> C:\Users\marti.DESKTOP-HBVCDFL\OneDrive\Escritorio\Coses Uni\VJ\pang-game\Pang\src\Pang\Release\Pang.exe
